<?xml version="1.0" encoding="utf-8"?><testsuites name="pytest tests"><testsuite name="pytest" errors="0" failures="0" skipped="0" tests="225" time="12.709" timestamp="2026-09-06T21:22:04.278295+09:00" hostname="Xavierui-MacBookPro.local"><properties><property name="hypothesis-statistics-tests/test_alignment_oracle.py::test_property_score_and_symmetry" value="dGVzdHMvdGVzdF9hbGlnbm1lbnRfb3JhY2xlLnB5Ojp0ZXN0X3Byb3BlcnR5X3Njb3JlX2FuZF9zeW1tZXRyeToKCiAgLSBkdXJpbmcgZ2VuZXJhdGUgcGhhc2UgKDAuMTEgc2Vjb25kcyk6CiAgICAtIFR5cGljYWwgcnVudGltZXM6IDwgMW1zLCBvZiB3aGljaCA8IDFtcyBpbiBkYXRhIGdlbmVyYXRpb24KICAgIC0gMjAwIHBhc3NpbmcsIDAgZmFpbGluZywgYW5kIDAgaW52YWxpZCB0ZXN0IGNhc2VzCgogIC0gU3RvcHBlZCBiZWNhdXNlIHNldHRpbmdzLm1heF9leGFtcGxlcz0yMDA=" /></properties><testcase classname="tests.test_align_numba" name="test_three_way_seeded_scores[gap0]" time="0.260" /><testcase classname="tests.test_align_numba" name="test_three_way_seeded_scores[gap1]" time="0.029" /><testcase classname="tests.test_align_numba" name="test_three_way_seeded_scores[gap2]" time="0.029" /><testcase classname="tests.test_align_numba" name="test_three_way_seeded_scores[gap3]" time="0.028" /><testcase classname="tests.test_align_numba" name="test_three_way_seeded_scores[gap4]" time="0.031" /><testcase classname="tests.test_align_numba" name="test_three_way_seeded_scores[gap5]" time="0.030" /><testcase classname="tests.test_align_numba" name="test_empty_ties_unknown_and_long_gap[-]" time="0.000" /><testcase classname="tests.test_align_numba" name="test_empty_ties_unknown_and_long_gap[-A]" time="0.000" /><testcase classname="tests.test_align_numba" name="test_empty_ties_unknown_and_long_gap[XXXXXXXXXXXXXXXXXXXXXXXXXXXXXXXXXXXXXXXXXXXXXXXXXX-XXXXXXXXXXXXXXXXXXXXXXXXXXXXXX]" time="0.001" /><testcase classname="tests.test_align_numba" name="test_empty_ties_unknown_and_long_gap[AAAA-AAAAAA]" time="0.000" /><testcase classname="tests.test_align_numba" name="test_empty_ties_unknown_and_long_gap[ACDACDACDACDACDACDACDACDACDACDWWWWWWWWWWWWWWWWWWWWEFGEFGEFGEFGEFGEFGEFGEFGEFGEFG-ACDACDACDACDACDACDACDACDACDACDEFGEFGEFGEFGEFGEFGEFGEFGEFGEFG]" time="0.002" /><testcase classname="tests.test_align_numba" name="test_empty_ties_unknown_and_long_gap[ACDE-WWWW]" time="0.000" /><testcase classname="tests.test_align_numba" name="test_empty_ties_unknown_and_long_gap[A-AAAAAAAAAAAAAAAAAAAAAAAAAAAAAAAAAAAAAAAAAAAAAAAAAAAAAAAAAAAAAAAAAAAAAAAAAAAAAAAAAAAAAAAAAAAAAAAAAAAAAAAAAAAAAAAAAAAAAAAAAAAAAAAAAAAAAAAAAAAAAAAAAAAAAAAAAAAAAAAAAAAAAAAAAAAAAAAAAAAAAAAAAAAAAAAAAAAAAAAAAAAAAAAAAAAAAAAAAAAAAAAAAAAAAAAAAAAAAAAAAAAAAAAAAAAAAAAAAAAAAAAAAAAAAAAAAAAAAAAAAAAAAAAAAAAAAAAAAAAAAAAAAAAAAAAAAAAAAAAAAAAAAAAAAAAAAAAAAAAAAAAAAAAAAAAAAAAAAAAAAAAAAAAAAAAAAAAAAAAAAAAAAAAAAAAAAAAAAAAA]" time="0.001" /><testcase classname="tests.test_align_numba" name="test_asymmetric_matrix_and_lengths" time="0.019" /><testcase classname="tests.test_align_numba" name="test_range_kind_and_cell_guards_before_jit" time="0.000" /><testcase classname="tests.test_align_numba" name="test_int64_nopython_and_no_input_mutation" time="0.085" /><testcase classname="tests.test_alignment_enumeration" name="test_all_binary_sequences_up_to_length_three" time="0.006" /><testcase classname="tests.test_alignment_oracle" name="test_1500_seeded_pairs[10-1]" time="0.044" /><testcase classname="tests.test_alignment_oracle" name="test_1500_seeded_pairs[3-1]" time="0.040" /><testcase classname="tests.test_alignment_oracle" name="test_1500_seeded_pairs[1-1]" time="0.045" /><testcase classname="tests.test_alignment_oracle" name="test_1500_seeded_pairs[5-0]" time="0.038" /><testcase classname="tests.test_alignment_oracle" name="test_1500_seeded_pairs[0-0]" time="0.041" /><testcase classname="tests.test_alignment_oracle" name="test_1500_seeded_pairs[20-2]" time="0.044" /><testcase classname="tests.test_alignment_oracle" name="test_300_asymmetric_matrix_pairs" time="0.028" /><testcase classname="tests.test_alignment_oracle" name="test_property_score_and_symmetry" time="0.117" /><testcase classname="tests.test_alignment_oracle" name="test_oracle_empty_input_support_is_explicit" time="0.000" /><testcase classname="tests.test_benchmark" name="test_pareto_and_gate_selection_without_moving_goal" time="0.000" /><testcase classname="tests.test_benchmark" name="test_retention_candidates_and_quality_use_distinct_definitions" time="0.000" /><testcase classname="tests.test_benchmark" name="test_bootstrap_group_count_and_perfect_fixture" time="0.009" /><testcase classname="tests.test_benchmark" name="test_summary_refuses_too_few_or_changed_repetitions" time="0.000" /><testcase classname="tests.test_cli" name="test_doctor" time="0.066" /><testcase classname="tests.test_cli" name="test_offline_demo_and_reproducible_input" time="0.166" /><testcase classname="tests.test_cli" name="test_cli_rejects_empty_record" time="0.050" /><testcase classname="tests.test_cli" name="test_demo_rejects_invalid_k_before_writing" time="0.051" /><testcase classname="tests.test_cli" name="test_no_oracle_imports_in_runtime" time="0.020" /><testcase classname="tests.test_fast_cli" name="test_cli_complete_output_and_explicit_backend" time="0.478" /><testcase classname="tests.test_foldseek_adapter" name="test_fasta_ids_are_joinable_not_order_dependent" time="0.001" /><testcase classname="tests.test_foldseek_adapter" name="test_binary_integrity_checked_before_execution" time="0.001" /><testcase classname="tests.test_foldseek_adapter" name="test_complete_backbone_policy" time="0.001" /><testcase classname="tests.test_index" name="test_last_window_unknown_mask_short_and_target_order" time="0.000" /><testcase classname="tests.test_index" name="test_roundtrip_and_manifest_binding" time="0.001" /><testcase classname="tests.test_index" name="test_index_rejects_tampering[&lt;lambda&gt;0]" time="0.001" /><testcase classname="tests.test_index" name="test_index_rejects_tampering[&lt;lambda&gt;1]" time="0.001" /><testcase classname="tests.test_index" name="test_index_rejects_tampering[&lt;lambda&gt;2]" time="0.001" /><testcase classname="tests.test_index" name="test_index_rejects_tampering[&lt;lambda&gt;3]" time="0.001" /><testcase classname="tests.test_index" name="test_index_rejects_tampering[&lt;lambda&gt;4]" time="0.001" /><testcase classname="tests.test_index" name="test_index_rejects_tampering[&lt;lambda&gt;5]" time="0.001" /><testcase classname="tests.test_index" name="test_index_rejects_tampering[&lt;lambda&gt;6]" time="0.001" /><testcase classname="tests.test_index" name="test_index_rejects_tampering[&lt;lambda&gt;7]" time="0.001" /><testcase classname="tests.test_index" name="test_index_rejects_tampering[&lt;lambda&gt;8]" time="0.001" /><testcase classname="tests.test_index" name="test_index_rejects_tampering[&lt;lambda&gt;9]" time="0.001" /><testcase classname="tests.test_index" name="test_index_rejects_tampering[&lt;lambda&gt;10]" time="0.001" /><testcase classname="tests.test_index" name="test_index_rejects_tampering[&lt;lambda&gt;11]" time="0.001" /><testcase classname="tests.test_index" name="test_index_rejects_tampering[&lt;lambda&gt;12]" time="0.001" /><testcase classname="tests.test_index" name="test_index_rejects_tampering[&lt;lambda&gt;13]" time="0.001" /><testcase classname="tests.test_index" name="test_index_rejects_tampering[&lt;lambda&gt;14]" time="0.001" /><testcase classname="tests.test_index" name="test_duplicate_json_keys_and_empty_index" time="0.001" /><testcase classname="tests.test_index" name="test_invalid_k[0]" time="0.000" /><testcase classname="tests.test_index" name="test_invalid_k[-1]" time="0.000" /><testcase classname="tests.test_index" name="test_invalid_k[True]" time="0.000" /><testcase classname="tests.test_index" name="test_invalid_k[1.5]" time="0.000" /><testcase classname="tests.test_index" name="test_real_records_rejected" time="0.000" /><testcase classname="tests.test_io" name="test_roundtrip_preserves_positions" time="0.000" /><testcase classname="tests.test_io" name="test_invalid_record[update0]" time="0.000" /><testcase classname="tests.test_io" name="test_invalid_record[update1]" time="0.000" /><testcase classname="tests.test_io" name="test_invalid_record[update2]" time="0.000" /><testcase classname="tests.test_io" name="test_invalid_record[update3]" time="0.000" /><testcase classname="tests.test_io" name="test_invalid_record[update4]" time="0.000" /><testcase classname="tests.test_io" name="test_invalid_record[update5]" time="0.000" /><testcase classname="tests.test_io" name="test_invalid_record[update6]" time="0.000" /><testcase classname="tests.test_io" name="test_invalid_record[update7]" time="0.000" /><testcase classname="tests.test_io" name="test_invalid_record[update8]" time="0.000" /><testcase classname="tests.test_io" name="test_invalid_record[update9]" time="0.000" /><testcase classname="tests.test_io" name="test_duplicate_records_error" time="0.001" /><testcase classname="tests.test_io" name="test_malformed_or_empty_file[]" time="0.000" /><testcase classname="tests.test_io" name="test_malformed_or_empty_file[\n]" time="0.000" /><testcase classname="tests.test_io" name="test_malformed_or_empty_file[{}\n]" time="0.001" /><testcase classname="tests.test_io" name="test_malformed_or_empty_file[[]]" time="0.001" /><testcase classname="tests.test_io" name="test_malformed_or_empty_file[invalid json]" time="0.000" /><testcase classname="tests.test_io" name="test_malformed_or_empty_file[{&quot;aa&quot;:&quot;A&quot;,&quot;aa&quot;:&quot;C&quot;}]" time="0.000" /><testcase classname="tests.test_io" name="test_mask_type_and_line_number" time="0.000" /><testcase classname="tests.test_io" name="test_no_automatic_case_or_unknown_removal" time="0.000" /><testcase classname="tests.test_locked" name="test_negative_bfactor_is_rejected_without_uppercase_coercion" time="0.001" /><testcase classname="tests.test_locked" name="test_unseen_excludes_any_development_fold_and_shared_pdb" time="0.000" /><testcase classname="tests.test_locked" name="test_split_detects_independent_leakage_routes" time="0.000" /><testcase classname="tests.test_locked" name="test_metadata_budget_ladder_and_nested_positive_anchors" time="0.006" /><testcase classname="tests.test_locked" name="test_empty_unknown_ambiguous_and_zero_positive_are_visible" time="0.012" /><testcase classname="tests.test_locked" name="test_ranking_preserves_missing_queries_and_rejects_duplicates" time="0.001" /><testcase classname="tests.test_locked" name="test_contract_rejects_mutated_input_before_search" time="0.001" /><testcase classname="tests.test_m2_cli" name="test_index_search_cli_roundtrip_and_empty_result" time="0.042" /><testcase classname="tests.test_m2_cli" name="test_cli_config_error_leaves_no_search_output" time="0.002" /><testcase classname="tests.test_m2_cli" name="test_m2_demo_offline_and_reproducible" time="0.244" /><testcase classname="tests.test_m4_integration" name="test_actual_protocol_source_data_grid_and_selection" time="0.003" /><testcase classname="tests.test_m4_integration" name="test_actual_three_repetitions_complete_outputs_and_reference_scores" time="0.365" /><testcase classname="tests.test_m4_integration" name="test_actual_fresh_and_end_to_end_repeat_boundaries" time="0.022" /><testcase classname="tests.test_m4_integration" name="test_actual_profile_and_fold_bootstrap_artifacts" time="0.001" /><testcase classname="tests.test_m4_integration" name="test_operating_choice_includes_exhaustive_and_preserves_dev_boundary" time="0.001" /><testcase classname="tests.test_m5_integration" name="test_d2_leakage_labels_nested_sizes_and_freeze" time="0.174" /><testcase classname="tests.test_m5_integration" name="test_all_25000_d2_scores_match_independent_biopython" time="1.754" /><testcase classname="tests.test_m5_integration" name="test_all_sizes_five_modes_three_repetitions_outputs_and_metrics" time="0.765" /><testcase classname="tests.test_m5_integration" name="test_actual_fresh_end_to_end_and_profiles" time="0.117" /><testcase classname="tests.test_memory" name="test_denied_process_tree_is_reported_as_incomplete" time="0.000" /><testcase classname="tests.test_memory" name="test_readable_process_tree_rss_is_summed" time="0.000" /><testcase classname="tests.test_numba_real_integration" name="test_all_6250_real_numba_scores_match_recorded_python_and_oracle_subset" time="0.675" /><testcase classname="tests.test_pilot" name="test_exported_filename_extension_and_ambiguity" time="0.000" /><testcase classname="tests.test_pilot" name="test_labels_strict_schema_and_pool_order_independence" time="0.001" /><testcase classname="tests.test_pilot" name="test_quality_removes_ambiguous_before_top10_and_counts_shortage" time="0.000" /><testcase classname="tests.test_pilot" name="test_selection_deterministic_disjoint_and_has_nonself_positives" time="0.000" /><testcase classname="tests.test_pilot_integration" name="test_actual_pilot_freeze_labels_manifest_and_input_separation" time="0.098" /><testcase classname="tests.test_pilot_integration" name="test_actual_pilot_matrix_on_fixed_real_pairs_against_biopython" time="0.409" /><testcase classname="tests.test_pilot_integration" name="test_actual_pilot_results_budgets_retention_and_native_scores" time="0.019" /><testcase classname="tests.test_pipeline" name="test_same_align_backend_topk_never_caps_candidates_and_no_fallback" time="0.001" /><testcase classname="tests.test_pipeline" name="test_stress_modes_roundtrip_scores_and_known_losses" time="0.099" /><testcase classname="tests.test_pipeline" name="test_retention_uses_candidates_not_output_and_zero_is_na" time="0.001" /><testcase classname="tests.test_pipeline" name="test_empty_index_and_short_query_are_normal" time="0.001" /><testcase classname="tests.test_pipeline" name="test_config_alphabet_and_budget_errors_even_when_filter_would_remove_all" time="0.002" /><testcase classname="tests.test_prefilter" name="test_all_small_pairs_against_brute_force[1]" time="0.372" /><testcase classname="tests.test_prefilter" name="test_all_small_pairs_against_brute_force[2]" time="0.051" /><testcase classname="tests.test_prefilter" name="test_all_small_pairs_against_brute_force[3]" time="0.014" /><testcase classname="tests.test_prefilter" name="test_nonoverlap_and_window_boundaries[0-False]" time="0.000" /><testcase classname="tests.test_prefilter" name="test_nonoverlap_and_window_boundaries[2-False]" time="0.000" /><testcase classname="tests.test_prefilter" name="test_nonoverlap_and_window_boundaries[3-True]" time="0.000" /><testcase classname="tests.test_prefilter" name="test_nonoverlap_and_window_boundaries[63-True]" time="0.000" /><testcase classname="tests.test_prefilter" name="test_nonoverlap_and_window_boundaries[64-True]" time="0.000" /><testcase classname="tests.test_prefilter" name="test_nonoverlap_and_window_boundaries[65-False]" time="0.000" /><testcase classname="tests.test_prefilter" name="test_duplicate_different_diagonal_different_target_and_expiring_hit" time="0.000" /><testcase classname="tests.test_prefilter" name="test_hand_scored_ungapped[ACDACD-ACDWCD-0-21]" time="0.000" /><testcase classname="tests.test_prefilter" name="test_hand_scored_ungapped[WWACD-ACD--2-15]" time="0.000" /><testcase classname="tests.test_prefilter" name="test_hand_scored_ungapped[ACD-WWACD-2-15]" time="0.000" /><testcase classname="tests.test_prefilter" name="test_hand_scored_ungapped[A-C-0-0]" time="0.000" /><testcase classname="tests.test_prefilter" name="test_hand_scored_ungapped[ACD-ACD-9-0]" time="0.000" /><testcase classname="tests.test_prefilter" name="test_hand_scored_ungapped[-ACD-0-0]" time="0.000" /><testcase classname="tests.test_prefilter" name="test_hand_scored_ungapped[AXA-ACA-0-10]" time="0.000" /><testcase classname="tests.test_prefilter" name="test_only_supported_diagonals_and_threshold_equality" time="0.000" /><testcase classname="tests.test_prefilter" name="test_invalid_window[3-2]" time="0.000" /><testcase classname="tests.test_prefilter" name="test_invalid_window[0-64]" time="0.000" /><testcase classname="tests.test_prefilter" name="test_invalid_window[True-64]" time="0.000" /><testcase classname="tests.test_prefilter" name="test_invalid_window[3-1.5]" time="0.000" /><testcase classname="tests.test_prepare" name="test_budgets_unknown_and_total" time="0.000" /><testcase classname="tests.test_prepare" name="test_download_size_bounds_and_no_overwrite" time="0.001" /><testcase classname="tests.test_prepare" name="test_download_names[../escape]" time="0.000" /><testcase classname="tests.test_prepare" name="test_download_names[/absolute]" time="0.000" /><testcase classname="tests.test_prepare" name="test_download_names[a/../../escape]" time="0.000" /><testcase classname="tests.test_prepare" name="test_download_names[a\\b]" time="0.000" /><testcase classname="tests.test_prepare" name="test_unsafe_archives_write_nothing[members0]" time="0.001" /><testcase classname="tests.test_prepare" name="test_unsafe_archives_write_nothing[members1]" time="0.001" /><testcase classname="tests.test_prepare" name="test_unsafe_archives_write_nothing[members2]" time="0.001" /><testcase classname="tests.test_prepare" name="test_unsafe_archives_write_nothing[members3]" time="0.000" /><testcase classname="tests.test_prepare" name="test_unsafe_archives_write_nothing[members4]" time="0.001" /><testcase classname="tests.test_prepare" name="test_unsafe_archives_write_nothing[members5]" time="0.001" /><testcase classname="tests.test_prepare" name="test_unsafe_archives_write_nothing[members6]" time="0.001" /><testcase classname="tests.test_prepare" name="test_safe_archive_hashes_and_expansion_limit" time="0.001" /><testcase classname="tests.test_prepare" name="test_selected_extract_checks_unselected_members_and_bounds" time="0.001" /><testcase classname="tests.test_real_integration" name="test_actual_encoder_file_key_chain_lengths" time="0.022" /><testcase classname="tests.test_real_integration" name="test_pinned_real_matrix_independent_oracle" time="0.125" /><testcase classname="tests.test_real_integration" name="test_actual_reference_has_separate_scores_and_same_inputs" time="0.004" /><testcase classname="tests.test_real_origin" name="test_real_enablement_must_be_explicit_and_never_mixed" time="0.002" /><testcase classname="tests.test_real_origin" name="test_real_budget_is_bounded[0]" time="0.000" /><testcase classname="tests.test_real_origin" name="test_real_budget_is_bounded[True]" time="0.000" /><testcase classname="tests.test_real_origin" name="test_real_budget_is_bounded[1000000001]" time="0.000" /><testcase classname="tests.test_scoring" name="test_reads_header_order_and_row_labels" time="0.000" /><testcase classname="tests.test_scoring" name="test_malformed_matrix[]" time="0.000" /><testcase classname="tests.test_scoring" name="test_malformed_matrix[# only comment]" time="0.000" /><testcase classname="tests.test_scoring" name="test_malformed_matrix[A A\nA 1 1\n]" time="0.000" /><testcase classname="tests.test_scoring" name="test_malformed_matrix[A C\nA 1 -1\n]" time="0.000" /><testcase classname="tests.test_scoring" name="test_malformed_matrix[A C\nA 1 -1\nA -1 1]" time="0.000" /><testcase classname="tests.test_scoring" name="test_malformed_matrix[A\nC 1]" time="0.000" /><testcase classname="tests.test_scoring" name="test_malformed_matrix[A C\nA 1\nC 2 1]" time="0.000" /><testcase classname="tests.test_scoring" name="test_malformed_matrix[A\nA 1 2]" time="0.000" /><testcase classname="tests.test_scoring" name="test_malformed_matrix[A\nA nan]" time="0.000" /><testcase classname="tests.test_scoring" name="test_malformed_matrix[A\nA 1.0]" time="0.000" /><testcase classname="tests.test_scoring" name="test_malformed_matrix[a\na 1]" time="0.000" /><testcase classname="tests.test_scoring" name="test_malformed_matrix[AA\nAA 1]" time="0.000" /><testcase classname="tests.test_scoring" name="test_malformed_matrix[Z\nZ 1]" time="0.000" /><testcase classname="tests.test_scoring" name="test_integer_range" time="0.000" /><testcase classname="tests.test_scoring" name="test_invalid_gap_cost[-1-0]" time="0.000" /><testcase classname="tests.test_scoring" name="test_invalid_gap_cost[1--1]" time="0.000" /><testcase classname="tests.test_scoring" name="test_invalid_gap_cost[1-2]" time="0.000" /><testcase classname="tests.test_scoring" name="test_invalid_gap_cost[True-1]" time="0.000" /><testcase classname="tests.test_scoring" name="test_invalid_gap_cost[1-0.5]" time="0.000" /><testcase classname="tests.test_scoring" name="test_gap_and_identity" time="0.000" /><testcase classname="tests.test_scoring" name="test_alphabet_separation_and_unknown_policy" time="0.000" /><testcase classname="tests.test_search" name="test_ranking_top_k_and_no_candidate_cap" time="0.000" /><testcase classname="tests.test_search" name="test_empty_and_nonpositive_results" time="0.000" /><testcase classname="tests.test_search" name="test_invalid_or_real_search_rejected" time="0.000" /><testcase classname="tests.test_search_numba" name="test_same_filters_scores_ranks_and_traceback_as_reference[exhaustive]" time="0.038" /><testcase classname="tests.test_search_numba" name="test_same_filters_scores_ranks_and_traceback_as_reference[single]" time="0.010" /><testcase classname="tests.test_search_numba" name="test_same_filters_scores_ranks_and_traceback_as_reference[double]" time="0.006" /><testcase classname="tests.test_search_numba" name="test_same_filters_scores_ranks_and_traceback_as_reference[double-ungapped]" time="0.006" /><testcase classname="tests.test_search_numba" name="test_empty_candidate_is_empty_and_ties_deterministic" time="0.030" /><testcase classname="tests.test_search_numba" name="test_prepared_target_config_origin_and_budget_guards" time="0.001" /><testcase classname="tests.test_traceback" name="test_hand_scored_paths[--expected0]" time="0.000" /><testcase classname="tests.test_traceback" name="test_hand_scored_paths[-A-expected1]" time="0.000" /><testcase classname="tests.test_traceback" name="test_hand_scored_paths[A--expected2]" time="0.000" /><testcase classname="tests.test_traceback" name="test_hand_scored_paths[A-C-expected3]" time="0.000" /><testcase classname="tests.test_traceback" name="test_hand_scored_paths[AAA-CCC-expected4]" time="0.000" /><testcase classname="tests.test_traceback" name="test_hand_scored_paths[X-X-expected5]" time="0.000" /><testcase classname="tests.test_traceback" name="test_hand_scored_paths[A-A-expected6]" time="0.000" /><testcase classname="tests.test_traceback" name="test_hand_scored_paths[ACD-ACD-expected7]" time="0.000" /><testcase classname="tests.test_traceback" name="test_hand_scored_paths[AA-A-expected8]" time="0.000" /><testcase classname="tests.test_traceback" name="test_hand_scored_paths[A-AA-expected9]" time="0.000" /><testcase classname="tests.test_traceback" name="test_hand_scored_paths[AACAA-AAAA-expected10]" time="0.000" /><testcase classname="tests.test_traceback" name="test_hand_scored_paths[AACCAA-AAAA-expected11]" time="0.000" /><testcase classname="tests.test_traceback" name="test_hand_scored_paths[AAAA-AACCAA-expected12]" time="0.000" /><testcase classname="tests.test_traceback" name="test_hand_scored_paths[XAX-XAX-expected13]" time="0.000" /><testcase classname="tests.test_traceback" name="test_hand_scored_paths[CCAADD-AAD-expected14]" time="0.000" /><testcase classname="tests.test_traceback" name="test_diagonal_preferred_over_equal_gap" time="0.000" /><testcase classname="tests.test_traceback" name="test_linear_gap_open_extend_tie" time="0.000" /><testcase classname="tests.test_traceback" name="test_rescore_rejects_invalid_or_forged_paths[bad0]" time="0.000" /><testcase classname="tests.test_traceback" name="test_rescore_rejects_invalid_or_forged_paths[bad1]" time="0.000" /><testcase classname="tests.test_traceback" name="test_rescore_rejects_invalid_or_forged_paths[bad2]" time="0.000" /><testcase classname="tests.test_traceback" name="test_rescore_rejects_invalid_or_forged_paths[bad3]" time="0.000" /><testcase classname="tests.test_traceback" name="test_rescore_rejects_invalid_or_forged_paths[bad4]" time="0.000" /><testcase classname="tests.test_traceback" name="test_rescore_rejects_invalid_or_forged_paths[bad5]" time="0.000" /><testcase classname="tests.test_traceback" name="test_rescore_rejects_invalid_or_forged_paths[bad6]" time="0.000" /><testcase classname="tests.test_traceback" name="test_rescore_rejects_invalid_or_forged_paths[bad7]" time="0.000" /><testcase classname="tests.test_traceback" name="test_rescore_rejects_invalid_or_forged_paths[bad8]" time="0.000" /><testcase classname="tests.test_traceback" name="test_rescore_rejects_invalid_or_forged_paths[bad9]" time="0.000" /><testcase classname="tests.test_traceback" name="test_rescore_rejects_invalid_or_forged_paths[bad10]" time="0.000" /><testcase classname="tests.test_traceback" name="test_rescore_rejects_invalid_or_forged_paths[bad11]" time="0.000" /><testcase classname="tests.test_traceback" name="test_rescore_rejects_invalid_or_forged_paths[bad12]" time="0.000" /><testcase classname="tests.test_traceback" name="test_rescore_rejects_invalid_or_forged_paths[bad13]" time="0.000" /><testcase classname="tests.test_traceback" name="test_rescore_rejects_noncanonical_zero" time="0.000" /><testcase classname="tests.test_traceback" name="test_negative_scores_are_safe" time="0.000" /><testcase classname="tests.test_traceback" name="test_reference_budget_checked_before_allocation" time="0.000" /></testsuite></testsuites>